# JRE version: OpenJDK Runtime Environment Temurin-21.0.10+7 (21.0.10+7) (build 21.0.10+7-LTS)
# Java VM: OpenJDK 64-Bit Server VM Temurin-21.0.10+7 (21.0.10+7-LTS, mixed mode, sharing, tiered, compressed oops, compressed class ptrs, parallel gc, windows-amd64)
GC Precious Log:
 CardTable entry size: 512
 CPUs: 4 total, 4 available
 Memory: 12165M
 Large Page Support: Disabled
 NUMA Support: Disabled
 Compressed Oops: Enabled (32-bit)
 Alignments: Space 512K, Generation 512K, Heap 2M
 Heap Min Capacity: 100M
 Heap Initial Capacity: 100M
 Heap Max Capacity: 2G
 Pre-touch: Disabled
 Parallel Workers: 4
Heap:
 PSYoungGen      total 6144K, used 2017K [0x00000000d5580000, 0x00000000d5f80000, 0x0000000100000000)
  eden space 5120K, 19% used [0x00000000d5580000,0x00000000d567a740,0x00000000d5a80000)
  from space 1024K, 99% used [0x00000000d5c80000,0x00000000d5d7dda8,0x00000000d5d80000)
  to   space 2048K, 0% used [0x00000000d5a80000,0x00000000d5a80000,0x00000000d5c80000)
 ParOldGen       total 114688K, used 71536K [0x0000000080000000, 0x0000000087000000, 0x00000000d5580000)
  object space 114688K, 62% used [0x0000000080000000,0x00000000845dc048,0x0000000087000000)
 Metaspace       used 85256K, committed 87296K, reserved 1179648K
  class space    used 9859K, committed 10752K, reserved 1048576K
GC Heap History (20 events):
Event: 3495.141 GC heap before
{Heap before GC invocations=201 (full 4):
 PSYoungGen      total 6656K, used 6304K [0x00000000d5580000, 0x00000000d5d00000, 0x0000000100000000)
  eden space 6144K, 100% used [0x00000000d5580000,0x00000000d5b80000,0x00000000d5b80000)
  from space 512K, 31% used [0x00000000d5c80000,0x00000000d5ca8000,0x00000000d5d00000)
  to   space 512K, 0% used [0x00000000d5c00000,0x00000000d5c00000,0x00000000d5c80000)
 ParOldGen       total 114688K, used 68450K [0x0000000080000000, 0x0000000087000000, 0x00000000d5580000)
  object space 114688K, 59% used [0x0000000080000000,0x00000000842d8808,0x0000000087000000)
 Metaspace       used 85054K, committed 87296K, reserved 1179648K
  class space    used 9858K, committed 10752K, reserved 1048576K
}
Event: 3495.142 GC heap after
{Heap after GC invocations=201 (full 4):
 PSYoungGen      total 6656K, used 224K [0x00000000d5580000, 0x00000000d5d00000, 0x0000000100000000)
  eden space 6144K, 0% used [0x00000000d5580000,0x00000000d5580000,0x00000000d5b80000)
  from space 512K, 43% used [0x00000000d5c00000,0x00000000d5c38000,0x00000000d5c80000)
  to   space 512K, 0% used [0x00000000d5c80000,0x00000000d5c80000,0x00000000d5d00000)
 ParOldGen       total 114688K, used 68522K [0x0000000080000000, 0x0000000087000000, 0x00000000d5580000)
  object space 114688K, 59% used [0x0000000080000000,0x00000000842ea808,0x0000000087000000)
 Metaspace       used 85054K, committed 87296K, reserved 1179648K
  class space    used 9858K, committed 10752K, reserved 1048576K
}
Event: 3495.443 GC heap before
{Heap before GC invocations=202 (full 4):
 PSYoungGen      total 6656K, used 6368K [0x00000000d5580000, 0x00000000d5d00000, 0x0000000100000000)
  eden space 6144K, 100% used [0x00000000d5580000,0x00000000d5b80000,0x00000000d5b80000)
  from space 512K, 43% used [0x00000000d5c00000,0x00000000d5c38000,0x00000000d5c80000)
  to   space 512K, 0% used [0x00000000d5c80000,0x00000000d5c80000,0x00000000d5d00000)
 ParOldGen       total 114688K, used 68522K [0x0000000080000000, 0x0000000087000000, 0x00000000d5580000)
  object space 114688K, 59% used [0x0000000080000000,0x00000000842ea808,0x0000000087000000)
 Metaspace       used 85066K, committed 87296K, reserved 1179648K
  class space    used 9859K, committed 10752K, reserved 1048576K
}
Event: 3495.444 GC heap after
{Heap after GC invocations=202 (full 4):
 PSYoungGen      total 6656K, used 128K [0x00000000d5580000, 0x00000000d5d00000, 0x0000000100000000)
  eden space 6144K, 0% used [0x00000000d5580000,0x00000000d5580000,0x00000000d5b80000)
  from space 512K, 25% used [0x00000000d5c80000,0x00000000d5ca0000,0x00000000d5d00000)
  to   space 512K, 0% used [0x00000000d5c00000,0x00000000d5c00000,0x00000000d5c80000)
 ParOldGen       total 114688K, used 68586K [0x0000000080000000, 0x0000000087000000, 0x00000000d5580000)
  object space 114688K, 59% used [0x0000000080000000,0x00000000842fa808,0x0000000087000000)
 Metaspace       used 85066K, committed 87296K, reserved 1179648K
  class space    used 9859K, committed 10752K, reserved 1048576K
}
Event: 3496.337 GC heap before
{Heap before GC invocations=203 (full 4):
 PSYoungGen      total 6656K, used 6272K [0x00000000d5580000, 0x00000000d5d00000, 0x0000000100000000)
  eden space 6144K, 100% used [0x00000000d5580000,0x00000000d5b80000,0x00000000d5b80000)
  from space 512K, 25% used [0x00000000d5c80000,0x00000000d5ca0000,0x00000000d5d00000)
  to   space 512K, 0% used [0x00000000d5c00000,0x00000000d5c00000,0x00000000d5c80000)
 ParOldGen       total 114688K, used 68586K [0x0000000080000000, 0x0000000087000000, 0x00000000d5580000)
  object space 114688K, 59% used [0x0000000080000000,0x00000000842fa808,0x0000000087000000)
 Metaspace       used 85070K, committed 87296K, reserved 1179648K
  class space    used 9859K, committed 10752K, reserved 1048576K
}
Event: 3496.338 GC heap after
{Heap after GC invocations=203 (full 4):
 PSYoungGen      total 6656K, used 480K [0x00000000d5580000, 0x00000000d5d80000, 0x0000000100000000)
  eden space 6144K, 0% used [0x00000000d5580000,0x00000000d5580000,0x00000000d5b80000)
  from space 512K, 93% used [0x00000000d5c00000,0x00000000d5c78000,0x00000000d5c80000)
  to   space 1024K, 0% used [0x00000000d5c80000,0x00000000d5c80000,0x00000000d5d80000)
 ParOldGen       total 114688K, used 68682K [0x0000000080000000, 0x0000000087000000, 0x00000000d5580000)
  object space 114688K, 59% used [0x0000000080000000,0x0000000084312808,0x0000000087000000)
 Metaspace       used 85070K, committed 87296K, reserved 1179648K
  class space    used 9859K, committed 10752K, reserved 1048576K
}
Event: 3497.947 GC heap before
{Heap before GC invocations=204 (full 4):
 PSYoungGen      total 6656K, used 6623K [0x00000000d5580000, 0x00000000d5d80000, 0x0000000100000000)
  eden space 6144K, 99% used [0x00000000d5580000,0x00000000d5b7fff8,0x00000000d5b80000)
  from space 512K, 93% used [0x00000000d5c00000,0x00000000d5c78000,0x00000000d5c80000)
  to   space 1024K, 0% used [0x00000000d5c80000,0x00000000d5c80000,0x00000000d5d80000)
 ParOldGen       total 114688K, used 68682K [0x0000000080000000, 0x0000000087000000, 0x00000000d5580000)
  object space 114688K, 59% used [0x0000000080000000,0x0000000084312808,0x0000000087000000)
 Metaspace       used 85075K, committed 87296K, reserved 1179648K
  class space    used 9859K, committed 10752K, reserved 1048576K
}
Event: 3497.949 GC heap after
{Heap after GC invocations=204 (full 4):
 PSYoungGen      total 7168K, used 720K [0x00000000d5580000, 0x00000000d5d80000, 0x0000000100000000)
  eden space 6144K, 0% used [0x00000000d5580000,0x00000000d5580000,0x00000000d5b80000)
  from space 1024K, 70% used [0x00000000d5c80000,0x00000000d5d34010,0x00000000d5d80000)
  to   space 1024K, 0% used [0x00000000d5b80000,0x00000000d5b80000,0x00000000d5c80000)
 ParOldGen       total 114688K, used 69001K [0x0000000080000000, 0x0000000087000000, 0x00000000d5580000)
  object space 114688K, 60% used [0x0000000080000000,0x00000000843627e8,0x0000000087000000)
 Metaspace       used 85075K, committed 87296K, reserved 1179648K
  class space    used 9859K, committed 10752K, reserved 1048576K
}
Event: 3516.409 GC heap before
{Heap before GC invocations=205 (full 4):
 PSYoungGen      total 7168K, used 6864K [0x00000000d5580000, 0x00000000d5d80000, 0x0000000100000000)
  eden space 6144K, 100% used [0x00000000d5580000,0x00000000d5b80000,0x00000000d5b80000)
  from space 1024K, 70% used [0x00000000d5c80000,0x00000000d5d34010,0x00000000d5d80000)
  to   space 1024K, 0% used [0x00000000d5b80000,0x00000000d5b80000,0x00000000d5c80000)
 ParOldGen       total 114688K, used 69001K [0x0000000080000000, 0x0000000087000000, 0x00000000d5580000)
  object space 114688K, 60% used [0x0000000080000000,0x00000000843627e8,0x0000000087000000)
 Metaspace       used 85093K, committed 87296K, reserved 1179648K
  class space    used 9859K, committed 10752K, reserved 1048576K
}
Event: 3516.411 GC heap after
{Heap after GC invocations=205 (full 4):
 PSYoungGen      total 7168K, used 1024K [0x00000000d5580000, 0x00000000d5e80000, 0x0000000100000000)
  eden space 6144K, 0% used [0x00000000d5580000,0x00000000d5580000,0x00000000d5b80000)
  from space 1024K, 100% used [0x00000000d5b80000,0x00000000d5c80000,0x00000000d5c80000)
  to   space 1536K, 0% used [0x00000000d5d00000,0x00000000d5d00000,0x00000000d5e80000)
 ParOldGen       total 114688K, used 69189K [0x0000000080000000, 0x0000000087000000, 0x00000000d5580000)
  object space 114688K, 60% used [0x0000000080000000,0x00000000843914f8,0x0000000087000000)
 Metaspace       used 85093K, committed 87296K, reserved 1179648K
  class space    used 9859K, committed 10752K, reserved 1048576K
}
Event: 3533.749 GC heap before
{Heap before GC invocations=206 (full 4):
 PSYoungGen      total 7168K, used 7168K [0x00000000d5580000, 0x00000000d5e80000, 0x0000000100000000)
  eden space 6144K, 100% used [0x00000000d5580000,0x00000000d5b80000,0x00000000d5b80000)
  from space 1024K, 100% used [0x00000000d5b80000,0x00000000d5c80000,0x00000000d5c80000)
  to   space 1536K, 0% used [0x00000000d5d00000,0x00000000d5d00000,0x00000000d5e80000)
 ParOldGen       total 114688K, used 69189K [0x0000000080000000, 0x0000000087000000, 0x00000000d5580000)
  object space 114688K, 60% used [0x0000000080000000,0x00000000843914f8,0x0000000087000000)
 Metaspace       used 85133K, committed 87296K, reserved 1179648K
  class space    used 9859K, committed 10752K, reserved 1048576K
}
Event: 3533.751 GC heap after
{Heap after GC invocations=206 (full 4):
 PSYoungGen      total 6656K, used 224K [0x00000000d5580000, 0x00000000d5d80000, 0x0000000100000000)
  eden space 6144K, 0% used [0x00000000d5580000,0x00000000d5580000,0x00000000d5b80000)
  from space 512K, 43% used [0x00000000d5d00000,0x00000000d5d38000,0x00000000d5d80000)
  to   space 1024K, 0% used [0x00000000d5b80000,0x00000000d5b80000,0x00000000d5c80000)
 ParOldGen       total 114688K, used 70135K [0x0000000080000000, 0x0000000087000000, 0x00000000d5580000)
  object space 114688K, 61% used [0x0000000080000000,0x000000008447df90,0x0000000087000000)
 Metaspace       used 85133K, committed 87296K, reserved 1179648K
  class space    used 9859K, committed 10752K, reserved 1048576K
}
Event: 3534.105 GC heap before
{Heap before GC invocations=207 (full 4):
 PSYoungGen      total 6656K, used 6368K [0x00000000d5580000, 0x00000000d5d80000, 0x0000000100000000)
  eden space 6144K, 100% used [0x00000000d5580000,0x00000000d5b80000,0x00000000d5b80000)
  from space 512K, 43% used [0x00000000d5d00000,0x00000000d5d38000,0x00000000d5d80000)
  to   space 1024K, 0% used [0x00000000d5b80000,0x00000000d5b80000,0x00000000d5c80000)
 ParOldGen       total 114688K, used 70135K [0x0000000080000000, 0x0000000087000000, 0x00000000d5580000)
  object space 114688K, 61% used [0x0000000080000000,0x000000008447df90,0x0000000087000000)
 Metaspace       used 85161K, committed 87296K, reserved 1179648K
  class space    used 9859K, committed 10752K, reserved 1048576K
}
Event: 3534.108 GC heap after
{Heap after GC invocations=207 (full 4):
 PSYoungGen      total 7168K, used 951K [0x00000000d5580000, 0x00000000d5e80000, 0x0000000100000000)
  eden space 6144K, 0% used [0x00000000d5580000,0x00000000d5580000,0x00000000d5b80000)
  from space 1024K, 92% used [0x00000000d5b80000,0x00000000d5c6dd88,0x00000000d5c80000)
  to   space 1536K, 0% used [0x00000000d5d00000,0x00000000d5d00000,0x00000000d5e80000)
 ParOldGen       total 114688K, used 70322K [0x0000000080000000, 0x0000000087000000, 0x00000000d5580000)
  object space 114688K, 61% used [0x0000000080000000,0x00000000844acaa8,0x0000000087000000)
 Metaspace       used 85161K, committed 87296K, reserved 1179648K
  class space    used 9859K, committed 10752K, reserved 1048576K
}
Event: 3538.976 GC heap before
{Heap before GC invocations=208 (full 4):
 PSYoungGen      total 7168K, used 7095K [0x00000000d5580000, 0x00000000d5e80000, 0x0000000100000000)
  eden space 6144K, 100% used [0x00000000d5580000,0x00000000d5b80000,0x00000000d5b80000)
  from space 1024K, 92% used [0x00000000d5b80000,0x00000000d5c6dd88,0x00000000d5c80000)
  to   space 1536K, 0% used [0x00000000d5d00000,0x00000000d5d00000,0x00000000d5e80000)
 ParOldGen       total 114688K, used 70322K [0x0000000080000000, 0x0000000087000000, 0x00000000d5580000)
  object space 114688K, 61% used [0x0000000080000000,0x00000000844acaa8,0x0000000087000000)
 Metaspace       used 85215K, committed 87296K, reserved 1179648K
  class space    used 9859K, committed 10752K, reserved 1048576K
}
Event: 3538.977 GC heap after
{Heap after GC invocations=208 (full 4):
 PSYoungGen      total 6656K, used 455K [0x00000000d5580000, 0x00000000d5d80000, 0x0000000100000000)
  eden space 6144K, 0% used [0x00000000d5580000,0x00000000d5580000,0x00000000d5b80000)
  from space 512K, 88% used [0x00000000d5d00000,0x00000000d5d71d78,0x00000000d5d80000)
  to   space 1024K, 0% used [0x00000000d5b80000,0x00000000d5b80000,0x00000000d5c80000)
 ParOldGen       total 114688K, used 70399K [0x0000000080000000, 0x0000000087000000, 0x00000000d5580000)
  object space 114688K, 61% used [0x0000000080000000,0x00000000844bfcb0,0x0000000087000000)
 Metaspace       used 85215K, committed 87296K, reserved 1179648K
  class space    used 9859K, committed 10752K, reserved 1048576K
}
Event: 3542.268 GC heap before
{Heap before GC invocations=209 (full 4):
 PSYoungGen      total 6656K, used 6599K [0x00000000d5580000, 0x00000000d5d80000, 0x0000000100000000)
  eden space 6144K, 100% used [0x00000000d5580000,0x00000000d5b80000,0x00000000d5b80000)
  from space 512K, 88% used [0x00000000d5d00000,0x00000000d5d71d78,0x00000000d5d80000)
  to   space 1024K, 0% used [0x00000000d5b80000,0x00000000d5b80000,0x00000000d5c80000)
 ParOldGen       total 114688K, used 70399K [0x0000000080000000, 0x0000000087000000, 0x00000000d5580000)
  object space 114688K, 61% used [0x0000000080000000,0x00000000844bfcb0,0x0000000087000000)
 Metaspace       used 85233K, committed 87296K, reserved 1179648K
  class space    used 9859K, committed 10752K, reserved 1048576K
}
Event: 3542.270 GC heap after
{Heap after GC invocations=209 (full 4):
 PSYoungGen      total 7168K, used 864K [0x00000000d5580000, 0x00000000d5d80000, 0x0000000100000000)
  eden space 6144K, 0% used [0x00000000d5580000,0x00000000d5580000,0x00000000d5b80000)
  from space 1024K, 84% used [0x00000000d5b80000,0x00000000d5c58000,0x00000000d5c80000)
  to   space 1024K, 0% used [0x00000000d5c80000,0x00000000d5c80000,0x00000000d5d80000)
 ParOldGen       total 114688K, used 70711K [0x0000000080000000, 0x0000000087000000, 0x00000000d5580000)
  object space 114688K, 61% used [0x0000000080000000,0x000000008450dcb0,0x0000000087000000)
 Metaspace       used 85233K, committed 87296K, reserved 1179648K
  class space    used 9859K, committed 10752K, reserved 1048576K
}
Event: 3673.369 GC heap before
{Heap before GC invocations=210 (full 4):
 PSYoungGen      total 7168K, used 7007K [0x00000000d5580000, 0x00000000d5d80000, 0x0000000100000000)
  eden space 6144K, 99% used [0x00000000d5580000,0x00000000d5b7ffa0,0x00000000d5b80000)
  from space 1024K, 84% used [0x00000000d5b80000,0x00000000d5c58000,0x00000000d5c80000)
  to   space 1024K, 0% used [0x00000000d5c80000,0x00000000d5c80000,0x00000000d5d80000)
 ParOldGen       total 114688K, used 70711K [0x0000000080000000, 0x0000000087000000, 0x00000000d5580000)
  object space 114688K, 61% used [0x0000000080000000,0x000000008450dcb0,0x0000000087000000)
 Metaspace       used 85251K, committed 87296K, reserved 1179648K
  class space    used 9859K, committed 10752K, reserved 1048576K
}
Event: 3673.372 GC heap after
{Heap after GC invocations=210 (full 4):
 PSYoungGen      total 6144K, used 1015K [0x00000000d5580000, 0x00000000d5f80000, 0x0000000100000000)
  eden space 5120K, 0% used [0x00000000d5580000,0x00000000d5580000,0x00000000d5a80000)
  from space 1024K, 99% used [0x00000000d5c80000,0x00000000d5d7dda8,0x00000000d5d80000)
  to   space 2048K, 0% used [0x00000000d5a80000,0x00000000d5a80000,0x00000000d5c80000)
 ParOldGen       total 114688K, used 71536K [0x0000000080000000, 0x0000000087000000, 0x00000000d5580000)
  object space 114688K, 62% used [0x0000000080000000,0x00000000845dc048,0x0000000087000000)
 Metaspace       used 85251K, committed 87296K, reserved 1179648K
  class space    used 9859K, committed 10752K, reserved 1048576K
}

