# JRE version: OpenJDK Runtime Environment Temurin-21.0.10+7 (21.0.10+7) (build 21.0.10+7-LTS)
# Java VM: OpenJDK 64-Bit Server VM Temurin-21.0.10+7 (21.0.10+7-LTS, mixed mode, sharing, tiered, compressed oops, compressed class ptrs, g1 gc, windows-amd64)
GC Precious Log:
 CardTable entry size: 512
 Card Set container configuration: InlinePtr #cards 4 size 8 Array Of Cards #cards 16 size 48 Howl #buckets 8 coarsen threshold 3686 Howl Bitmap #cards 512 size 80 coarsen threshold 460 Card regions per heap region 1 cards per card region 4096
 CPUs: 4 total, 4 available
 Memory: 12165M
 Large Page Support: Disabled
 NUMA Support: Disabled
 Compressed Oops: Enabled (Zero based)
 Heap Region Size: 2M
 Heap Min Capacity: 8M
 Heap Initial Capacity: 192M
 Heap Max Capacity: 3042M
 Pre-touch: Disabled
 Parallel Workers: 4
 Concurrent Workers: 1
 Concurrent Refinement Workers: 4
 Periodic GC: Disabled
Heap:
 garbage-first heap   total 157696K, used 107436K [0x0000000741e00000, 0x0000000800000000)
  region size 2048K, 19 young (38912K), 4 survivors (8192K)
 Metaspace       used 51116K, committed 51456K, reserved 1114112K
  class space    used 5833K, committed 5952K, reserved 1048576K
GC Heap History (20 events):
Event: 0.456 GC heap before
{Heap before GC invocations=0 (full 0):
 garbage-first heap   total 196608K, used 16384K [0x0000000741e00000, 0x0000000800000000)
  region size 2048K, 6 young (12288K), 0 survivors (0K)
 Metaspace       used 3574K, committed 3776K, reserved 1114112K
  class space    used 257K, committed 384K, reserved 1048576K
}
Event: 0.459 GC heap after
{Heap after GC invocations=1 (full 0):
 garbage-first heap   total 196608K, used 6348K [0x0000000741e00000, 0x0000000800000000)
  region size 2048K, 1 young (2048K), 1 survivors (2048K)
 Metaspace       used 3574K, committed 3776K, reserved 1114112K
  class space    used 257K, committed 384K, reserved 1048576K
}
Event: 0.784 GC heap before
{Heap before GC invocations=1 (full 0):
 garbage-first heap   total 196608K, used 18636K [0x0000000741e00000, 0x0000000800000000)
  region size 2048K, 7 young (14336K), 1 survivors (2048K)
 Metaspace       used 7292K, committed 7488K, reserved 1114112K
  class space    used 694K, committed 768K, reserved 1048576K
}
Event: 0.788 GC heap after
{Heap after GC invocations=2 (full 0):
 garbage-first heap   total 196608K, used 7260K [0x0000000741e00000, 0x0000000800000000)
  region size 2048K, 1 young (2048K), 1 survivors (2048K)
 Metaspace       used 7292K, committed 7488K, reserved 1114112K
  class space    used 694K, committed 768K, reserved 1048576K
}
Event: 1.445 GC heap before
{Heap before GC invocations=2 (full 0):
 garbage-first heap   total 196608K, used 35932K [0x0000000741e00000, 0x0000000800000000)
  region size 2048K, 15 young (30720K), 1 survivors (2048K)
 Metaspace       used 15357K, committed 15744K, reserved 1114112K
  class space    used 1681K, committed 1856K, reserved 1048576K
}
Event: 1.450 GC heap after
{Heap after GC invocations=3 (full 0):
 garbage-first heap   total 196608K, used 10443K [0x0000000741e00000, 0x0000000800000000)
  region size 2048K, 2 young (4096K), 2 survivors (4096K)
 Metaspace       used 15357K, committed 15744K, reserved 1114112K
  class space    used 1681K, committed 1856K, reserved 1048576K
}
Event: 2.337 GC heap before
{Heap before GC invocations=3 (full 0):
 garbage-first heap   total 196608K, used 92363K [0x0000000741e00000, 0x0000000800000000)
  region size 2048K, 43 young (88064K), 2 survivors (4096K)
 Metaspace       used 21255K, committed 21504K, reserved 1114112K
  class space    used 2497K, committed 2624K, reserved 1048576K
}
Event: 2.374 GC heap after
{Heap after GC invocations=4 (full 0):
 garbage-first heap   total 196608K, used 37218K [0x0000000741e00000, 0x0000000800000000)
  region size 2048K, 8 young (16384K), 8 survivors (16384K)
 Metaspace       used 21255K, committed 21504K, reserved 1114112K
  class space    used 2497K, committed 2624K, reserved 1048576K
}
Event: 3.813 GC heap before
{Heap before GC invocations=5 (full 0):
 garbage-first heap   total 131072K, used 82274K [0x0000000741e00000, 0x0000000800000000)
  region size 2048K, 30 young (61440K), 8 survivors (16384K)
 Metaspace       used 31624K, committed 31872K, reserved 1114112K
  class space    used 3863K, committed 3968K, reserved 1048576K
}
Event: 3.852 GC heap after
{Heap after GC invocations=6 (full 0):
 garbage-first heap   total 131072K, used 43208K [0x0000000741e00000, 0x0000000800000000)
  region size 2048K, 3 young (6144K), 3 survivors (6144K)
 Metaspace       used 31624K, committed 31872K, reserved 1114112K
  class space    used 3863K, committed 3968K, reserved 1048576K
}
Event: 5.008 GC heap before
{Heap before GC invocations=6 (full 0):
 garbage-first heap   total 131072K, used 73928K [0x0000000741e00000, 0x0000000800000000)
  region size 2048K, 19 young (38912K), 3 survivors (6144K)
 Metaspace       used 36217K, committed 36480K, reserved 1114112K
  class space    used 4310K, committed 4416K, reserved 1048576K
}
Event: 5.022 GC heap after
{Heap after GC invocations=7 (full 0):
 garbage-first heap   total 131072K, used 48089K [0x0000000741e00000, 0x0000000800000000)
  region size 2048K, 4 young (8192K), 4 survivors (8192K)
 Metaspace       used 36217K, committed 36480K, reserved 1114112K
  class space    used 4310K, committed 4416K, reserved 1048576K
}
Event: 5.096 GC heap before
{Heap before GC invocations=7 (full 0):
 garbage-first heap   total 131072K, used 50137K [0x0000000741e00000, 0x0000000800000000)
  region size 2048K, 6 young (12288K), 4 survivors (8192K)
 Metaspace       used 36573K, committed 36800K, reserved 1114112K
  class space    used 4345K, committed 4416K, reserved 1048576K
}
Event: 5.112 GC heap after
{Heap after GC invocations=8 (full 0):
 garbage-first heap   total 131072K, used 50670K [0x0000000741e00000, 0x0000000800000000)
  region size 2048K, 1 young (2048K), 1 survivors (2048K)
 Metaspace       used 36573K, committed 36800K, reserved 1114112K
  class space    used 4345K, committed 4416K, reserved 1048576K
}
Event: 6.162 GC heap before
{Heap before GC invocations=9 (full 0):
 garbage-first heap   total 131072K, used 97774K [0x0000000741e00000, 0x0000000800000000)
  region size 2048K, 25 young (51200K), 1 survivors (2048K)
 Metaspace       used 42211K, committed 42560K, reserved 1114112K
  class space    used 5045K, committed 5184K, reserved 1048576K
}
Event: 6.179 GC heap after
{Heap after GC invocations=10 (full 0):
 garbage-first heap   total 131072K, used 62832K [0x0000000741e00000, 0x0000000800000000)
  region size 2048K, 4 young (8192K), 4 survivors (8192K)
 Metaspace       used 42211K, committed 42560K, reserved 1114112K
  class space    used 5045K, committed 5184K, reserved 1048576K
}
Event: 7.941 GC heap before
{Heap before GC invocations=10 (full 0):
 garbage-first heap   total 131072K, used 103792K [0x0000000741e00000, 0x0000000800000000)
  region size 2048K, 24 young (49152K), 4 survivors (8192K)
 Metaspace       used 47954K, committed 48384K, reserved 1114112K
  class space    used 5647K, committed 5824K, reserved 1048576K
}
Event: 7.963 GC heap after
{Heap after GC invocations=11 (full 0):
 garbage-first heap   total 157696K, used 68127K [0x0000000741e00000, 0x0000000800000000)
  region size 2048K, 3 young (6144K), 3 survivors (6144K)
 Metaspace       used 47954K, committed 48384K, reserved 1114112K
  class space    used 5647K, committed 5824K, reserved 1048576K
}
Event: 9.745 GC heap before
{Heap before GC invocations=11 (full 0):
 garbage-first heap   total 157696K, used 121375K [0x0000000741e00000, 0x0000000800000000)
  region size 2048K, 29 young (59392K), 3 survivors (6144K)
 Metaspace       used 50072K, committed 50432K, reserved 1114112K
  class space    used 5788K, committed 5952K, reserved 1048576K
}
Event: 9.773 GC heap after
{Heap after GC invocations=12 (full 0):
 garbage-first heap   total 157696K, used 78764K [0x0000000741e00000, 0x0000000800000000)
  region size 2048K, 4 young (8192K), 4 survivors (8192K)
 Metaspace       used 50072K, committed 50432K, reserved 1114112K
  class space    used 5788K, committed 5952K, reserved 1048576K
}

