# JRE version: Java(TM) SE Runtime Environment (17.0.13+10) (build 17.0.13+10-LTS-268)
# Java VM: Java HotSpot(TM) 64-Bit Server VM (17.0.13+10-LTS-268, mixed mode, sharing, tiered, compressed oops, compressed class ptrs, g1 gc, windows-amd64)
GC Precious Log:
 CPUs: 4 total, 4 available
 Memory: 12165M
 Large Page Support: Disabled
 NUMA Support: Disabled
 Compressed Oops: Enabled (32-bit)
 Heap Region Size: 1M
 Heap Min Capacity: 8M
 Heap Initial Capacity: 192M
 Heap Max Capacity: 1G
 Pre-touch: Disabled
 Parallel Workers: 4
 Concurrent Workers: 1
 Concurrent Refinement Workers: 4
 Periodic GC: Disabled
Heap:
 garbage-first heap   total 203776K, used 156279K [0x00000000c0000000, 0x0000000100000000)
  region size 1024K, 51 young (52224K), 7 survivors (7168K)
 Metaspace       used 97363K, committed 98304K, reserved 344064K
  class space    used 13291K, committed 13760K, reserved 212992K
GC Heap History (20 events):
Event: 46.321 GC heap before
{Heap before GC invocations=48 (full 0):
 garbage-first heap   total 160768K, used 95839K [0x00000000c0000000, 0x0000000100000000)
  region size 1024K, 15 young (15360K), 4 survivors (4096K)
 Metaspace       used 79465K, committed 80320K, reserved 344064K
  class space    used 11005K, committed 11392K, reserved 212992K
}
Event: 46.327 GC heap after
{Heap after GC invocations=49 (full 0):
 garbage-first heap   total 160768K, used 86485K [0x00000000c0000000, 0x0000000100000000)
  region size 1024K, 2 young (2048K), 2 survivors (2048K)
 Metaspace       used 79465K, committed 80320K, reserved 344064K
  class space    used 11005K, committed 11392K, reserved 212992K
}
Event: 48.081 GC heap before
{Heap before GC invocations=50 (full 0):
 garbage-first heap   total 160768K, used 134613K [0x00000000c0000000, 0x0000000100000000)
  region size 1024K, 43 young (44032K), 2 survivors (2048K)
 Metaspace       used 81568K, committed 82496K, reserved 344064K
  class space    used 11260K, committed 11712K, reserved 212992K
}
Event: 48.088 GC heap after
{Heap after GC invocations=51 (full 0):
 garbage-first heap   total 160768K, used 99978K [0x00000000c0000000, 0x0000000100000000)
  region size 1024K, 6 young (6144K), 6 survivors (6144K)
 Metaspace       used 81568K, committed 82496K, reserved 344064K
  class space    used 11260K, committed 11712K, reserved 212992K
}
Event: 48.126 GC heap before
{Heap before GC invocations=51 (full 0):
 garbage-first heap   total 160768K, used 101002K [0x00000000c0000000, 0x0000000100000000)
  region size 1024K, 7 young (7168K), 6 survivors (6144K)
 Metaspace       used 81701K, committed 82624K, reserved 344064K
  class space    used 11266K, committed 11712K, reserved 212992K
}
Event: 48.133 GC heap after
{Heap after GC invocations=52 (full 0):
 garbage-first heap   total 160768K, used 98277K [0x00000000c0000000, 0x0000000100000000)
  region size 1024K, 1 young (1024K), 1 survivors (1024K)
 Metaspace       used 81701K, committed 82624K, reserved 344064K
  class space    used 11266K, committed 11712K, reserved 212992K
}
Event: 49.192 GC heap before
{Heap before GC invocations=52 (full 0):
 garbage-first heap   total 160768K, used 131045K [0x00000000c0000000, 0x0000000100000000)
  region size 1024K, 33 young (33792K), 1 survivors (1024K)
 Metaspace       used 84236K, committed 85120K, reserved 344064K
  class space    used 11559K, committed 11968K, reserved 212992K
}
Event: 49.196 GC heap after
{Heap after GC invocations=53 (full 0):
 garbage-first heap   total 160768K, used 98574K [0x00000000c0000000, 0x0000000100000000)
  region size 1024K, 1 young (1024K), 1 survivors (1024K)
 Metaspace       used 84236K, committed 85120K, reserved 344064K
  class space    used 11559K, committed 11968K, reserved 212992K
}
Event: 49.653 GC heap before
{Heap before GC invocations=53 (full 0):
 garbage-first heap   total 160768K, used 105742K [0x00000000c0000000, 0x0000000100000000)
  region size 1024K, 9 young (9216K), 1 survivors (1024K)
 Metaspace       used 85651K, committed 86592K, reserved 344064K
  class space    used 11711K, committed 12160K, reserved 212992K
}
Event: 49.658 GC heap after
{Heap after GC invocations=54 (full 0):
 garbage-first heap   total 160768K, used 100184K [0x00000000c0000000, 0x0000000100000000)
  region size 1024K, 3 young (3072K), 3 survivors (3072K)
 Metaspace       used 85651K, committed 86592K, reserved 344064K
  class space    used 11711K, committed 12160K, reserved 212992K
}
Event: 50.916 GC heap before
{Heap before GC invocations=55 (full 0):
 garbage-first heap   total 194560K, used 136024K [0x00000000c0000000, 0x0000000100000000)
  region size 1024K, 33 young (33792K), 3 survivors (3072K)
 Metaspace       used 86822K, committed 87744K, reserved 344064K
  class space    used 11890K, committed 12288K, reserved 212992K
}
Event: 50.927 GC heap after
{Heap after GC invocations=56 (full 0):
 garbage-first heap   total 194560K, used 104008K [0x00000000c0000000, 0x0000000100000000)
  region size 1024K, 5 young (5120K), 5 survivors (5120K)
 Metaspace       used 86822K, committed 87744K, reserved 344064K
  class space    used 11890K, committed 12288K, reserved 212992K
}
Event: 51.078 GC heap before
{Heap before GC invocations=56 (full 0):
 garbage-first heap   total 194560K, used 108104K [0x00000000c0000000, 0x0000000100000000)
  region size 1024K, 9 young (9216K), 5 survivors (5120K)
 Metaspace       used 87177K, committed 88128K, reserved 344064K
  class space    used 11934K, committed 12352K, reserved 212992K
}
Event: 51.087 GC heap after
{Heap after GC invocations=57 (full 0):
 garbage-first heap   total 194560K, used 103357K [0x00000000c0000000, 0x0000000100000000)
  region size 1024K, 1 young (1024K), 1 survivors (1024K)
 Metaspace       used 87177K, committed 88128K, reserved 344064K
  class space    used 11934K, committed 12352K, reserved 212992K
}
Event: 53.211 GC heap before
{Heap before GC invocations=57 (full 0):
 garbage-first heap   total 194560K, used 152509K [0x00000000c0000000, 0x0000000100000000)
  region size 1024K, 46 young (47104K), 1 survivors (1024K)
 Metaspace       used 90164K, committed 91072K, reserved 344064K
  class space    used 12317K, committed 12736K, reserved 212992K
}
Event: 53.215 GC heap after
{Heap after GC invocations=58 (full 0):
 garbage-first heap   total 194560K, used 108197K [0x00000000c0000000, 0x0000000100000000)
  region size 1024K, 3 young (3072K), 3 survivors (3072K)
 Metaspace       used 90164K, committed 91072K, reserved 344064K
  class space    used 12317K, committed 12736K, reserved 212992K
}
Event: 54.731 GC heap before
{Heap before GC invocations=58 (full 0):
 garbage-first heap   total 194560K, used 153253K [0x00000000c0000000, 0x0000000100000000)
  region size 1024K, 47 young (48128K), 3 survivors (3072K)
 Metaspace       used 93368K, committed 94272K, reserved 344064K
  class space    used 12752K, committed 13184K, reserved 212992K
}
Event: 54.736 GC heap after
{Heap after GC invocations=59 (full 0):
 garbage-first heap   total 194560K, used 109400K [0x00000000c0000000, 0x0000000100000000)
  region size 1024K, 4 young (4096K), 4 survivors (4096K)
 Metaspace       used 93368K, committed 94272K, reserved 344064K
  class space    used 12752K, committed 13184K, reserved 212992K
}
Event: 56.811 GC heap before
{Heap before GC invocations=59 (full 0):
 garbage-first heap   total 194560K, used 155480K [0x00000000c0000000, 0x0000000100000000)
  region size 1024K, 50 young (51200K), 4 survivors (4096K)
 Metaspace       used 95658K, committed 96576K, reserved 344064K
  class space    used 13064K, committed 13504K, reserved 212992K
}
Event: 56.821 GC heap after
{Heap after GC invocations=60 (full 0):
 garbage-first heap   total 194560K, used 112247K [0x00000000c0000000, 0x0000000100000000)
  region size 1024K, 7 young (7168K), 7 survivors (7168K)
 Metaspace       used 95658K, committed 96576K, reserved 344064K
  class space    used 13064K, committed 13504K, reserved 212992K
}

