# JRE version: Java(TM) SE Runtime Environment (17.0.13+10) (build 17.0.13+10-LTS-268)
# Java VM: Java HotSpot(TM) 64-Bit Server VM (17.0.13+10-LTS-268, mixed mode, sharing, tiered, compressed oops, compressed class ptrs, g1 gc, windows-amd64)
GC Precious Log:
 CPUs: 4 total, 4 available
 Memory: 12165M
 Large Page Support: Disabled
 NUMA Support: Disabled
 Compressed Oops: Enabled (32-bit)
 Heap Region Size: 1M
 Heap Min Capacity: 8M
 Heap Initial Capacity: 192M
 Heap Max Capacity: 1G
 Pre-touch: Disabled
 Parallel Workers: 4
 Concurrent Workers: 1
 Concurrent Refinement Workers: 4
 Periodic GC: Disabled
Heap:
 garbage-first heap   total 87040K, used 58105K [0x00000000c0000000, 0x0000000100000000)
  region size 1024K, 5 young (5120K), 1 survivors (1024K)
 Metaspace       used 57477K, committed 58112K, reserved 278528K
  class space    used 8037K, committed 8320K, reserved 212992K
GC Heap History (20 events):
Event: 44.162 GC heap before
{Heap before GC invocations=9 (full 0):
 garbage-first heap   total 86016K, used 67006K [0x00000000c0000000, 0x0000000100000000)
  region size 1024K, 38 young (38912K), 5 survivors (5120K)
 Metaspace       used 38346K, committed 38784K, reserved 278528K
  class space    used 5254K, committed 5440K, reserved 212992K
}
Event: 44.170 GC heap after
{Heap after GC invocations=10 (full 0):
 garbage-first heap   total 86016K, used 33463K [0x00000000c0000000, 0x0000000100000000)
  region size 1024K, 4 young (4096K), 4 survivors (4096K)
 Metaspace       used 38346K, committed 38784K, reserved 278528K
  class space    used 5254K, committed 5440K, reserved 212992K
}
Event: 46.288 GC heap before
{Heap before GC invocations=10 (full 0):
 garbage-first heap   total 86016K, used 67255K [0x00000000c0000000, 0x0000000100000000)
  region size 1024K, 37 young (37888K), 4 survivors (4096K)
 Metaspace       used 40682K, committed 41152K, reserved 278528K
  class space    used 5624K, committed 5824K, reserved 212992K
}
Event: 46.297 GC heap after
{Heap after GC invocations=11 (full 0):
 garbage-first heap   total 86016K, used 34992K [0x00000000c0000000, 0x0000000100000000)
  region size 1024K, 3 young (3072K), 3 survivors (3072K)
 Metaspace       used 40682K, committed 41152K, reserved 278528K
  class space    used 5624K, committed 5824K, reserved 212992K
}
Event: 48.496 GC heap before
{Heap before GC invocations=11 (full 0):
 garbage-first heap   total 86016K, used 67760K [0x00000000c0000000, 0x0000000100000000)
  region size 1024K, 35 young (35840K), 3 survivors (3072K)
 Metaspace       used 43817K, committed 44352K, reserved 278528K
  class space    used 6133K, committed 6400K, reserved 212992K
}
Event: 48.502 GC heap after
{Heap after GC invocations=12 (full 0):
 garbage-first heap   total 86016K, used 36562K [0x00000000c0000000, 0x0000000100000000)
  region size 1024K, 4 young (4096K), 4 survivors (4096K)
 Metaspace       used 43817K, committed 44352K, reserved 278528K
  class space    used 6133K, committed 6400K, reserved 212992K
}
Event: 50.460 GC heap before
{Heap before GC invocations=12 (full 0):
 garbage-first heap   total 86016K, used 68306K [0x00000000c0000000, 0x0000000100000000)
  region size 1024K, 35 young (35840K), 4 survivors (4096K)
 Metaspace       used 47242K, committed 47872K, reserved 278528K
  class space    used 6604K, committed 6912K, reserved 212992K
}
Event: 50.468 GC heap after
{Heap after GC invocations=13 (full 0):
 garbage-first heap   total 86016K, used 38056K [0x00000000c0000000, 0x0000000100000000)
  region size 1024K, 3 young (3072K), 3 survivors (3072K)
 Metaspace       used 47242K, committed 47872K, reserved 278528K
  class space    used 6604K, committed 6912K, reserved 212992K
}
Event: 52.645 GC heap before
{Heap before GC invocations=13 (full 0):
 garbage-first heap   total 86016K, used 69800K [0x00000000c0000000, 0x0000000100000000)
  region size 1024K, 34 young (34816K), 3 survivors (3072K)
 Metaspace       used 50782K, committed 51392K, reserved 278528K
  class space    used 7136K, committed 7424K, reserved 212992K
}
Event: 52.653 GC heap after
{Heap after GC invocations=14 (full 0):
 garbage-first heap   total 86016K, used 40399K [0x00000000c0000000, 0x0000000100000000)
  region size 1024K, 4 young (4096K), 4 survivors (4096K)
 Metaspace       used 50782K, committed 51392K, reserved 278528K
  class space    used 7136K, committed 7424K, reserved 212992K
}
Event: 56.118 GC heap before
{Heap before GC invocations=14 (full 0):
 garbage-first heap   total 86016K, used 69071K [0x00000000c0000000, 0x0000000100000000)
  region size 1024K, 32 young (32768K), 4 survivors (4096K)
 Metaspace       used 53196K, committed 53760K, reserved 278528K
  class space    used 7497K, committed 7744K, reserved 212992K
}
Event: 56.128 GC heap after
{Heap after GC invocations=15 (full 0):
 garbage-first heap   total 86016K, used 43281K [0x00000000c0000000, 0x0000000100000000)
  region size 1024K, 3 young (3072K), 3 survivors (3072K)
 Metaspace       used 53196K, committed 53760K, reserved 278528K
  class space    used 7497K, committed 7744K, reserved 212992K
}
Event: 57.195 GC heap before
{Heap before GC invocations=15 (full 0):
 garbage-first heap   total 86016K, used 67857K [0x00000000c0000000, 0x0000000100000000)
  region size 1024K, 28 young (28672K), 3 survivors (3072K)
 Metaspace       used 53715K, committed 54400K, reserved 278528K
  class space    used 7519K, committed 7808K, reserved 212992K
}
Event: 57.203 GC heap after
{Heap after GC invocations=16 (full 0):
 garbage-first heap   total 86016K, used 46193K [0x00000000c0000000, 0x0000000100000000)
  region size 1024K, 4 young (4096K), 4 survivors (4096K)
 Metaspace       used 53715K, committed 54400K, reserved 278528K
  class space    used 7519K, committed 7808K, reserved 212992K
}
Event: 58.658 GC heap before
{Heap before GC invocations=17 (full 0):
 garbage-first heap   total 87040K, used 74865K [0x00000000c0000000, 0x0000000100000000)
  region size 1024K, 26 young (26624K), 4 survivors (4096K)
 Metaspace       used 55113K, committed 55744K, reserved 278528K
  class space    used 7723K, committed 8000K, reserved 212992K
}
Event: 58.664 GC heap after
{Heap after GC invocations=18 (full 0):
 garbage-first heap   total 87040K, used 54706K [0x00000000c0000000, 0x0000000100000000)
  region size 1024K, 4 young (4096K), 4 survivors (4096K)
 Metaspace       used 55113K, committed 55744K, reserved 278528K
  class space    used 7723K, committed 8000K, reserved 212992K
}
Event: 58.689 GC heap before
{Heap before GC invocations=18 (full 0):
 garbage-first heap   total 87040K, used 55730K [0x00000000c0000000, 0x0000000100000000)
  region size 1024K, 5 young (5120K), 4 survivors (4096K)
 Metaspace       used 55209K, committed 55808K, reserved 278528K
  class space    used 7735K, committed 8000K, reserved 212992K
}
Event: 58.695 GC heap after
{Heap after GC invocations=19 (full 0):
 garbage-first heap   total 87040K, used 54596K [0x00000000c0000000, 0x0000000100000000)
  region size 1024K, 1 young (1024K), 1 survivors (1024K)
 Metaspace       used 55209K, committed 55808K, reserved 278528K
  class space    used 7735K, committed 8000K, reserved 212992K
}
Event: 59.363 GC heap before
{Heap before GC invocations=19 (full 0):
 garbage-first heap   total 87040K, used 69956K [0x00000000c0000000, 0x0000000100000000)
  region size 1024K, 16 young (16384K), 1 survivors (1024K)
 Metaspace       used 57197K, committed 57920K, reserved 278528K
  class space    used 7992K, committed 8320K, reserved 212992K
}
Event: 59.367 GC heap after
{Heap after GC invocations=20 (full 0):
 garbage-first heap   total 87040K, used 55033K [0x00000000c0000000, 0x0000000100000000)
  region size 1024K, 1 young (1024K), 1 survivors (1024K)
 Metaspace       used 57197K, committed 57920K, reserved 278528K
  class space    used 7992K, committed 8320K, reserved 212992K
}

