# JRE version: Java(TM) SE Runtime Environment (17.0.13+10) (build 17.0.13+10-LTS-268)
# Java VM: Java HotSpot(TM) 64-Bit Server VM (17.0.13+10-LTS-268, mixed mode, sharing, tiered, compressed oops, compressed class ptrs, g1 gc, windows-amd64)
GC Precious Log:
 CPUs: 4 total, 4 available
 Memory: 12165M
 Large Page Support: Disabled
 NUMA Support: Disabled
 Compressed Oops: Enabled (32-bit)
 Heap Region Size: 1M
 Heap Min Capacity: 8M
 Heap Initial Capacity: 192M
 Heap Max Capacity: 2G
 Pre-touch: Disabled
 Parallel Workers: 4
 Concurrent Workers: 1
 Concurrent Refinement Workers: 4
 Periodic GC: Disabled
Heap:
 garbage-first heap   total 155648K, used 48473K [0x0000000080000000, 0x0000000100000000)
  region size 1024K, 6 young (6144K), 6 survivors (6144K)
 Metaspace       used 42798K, committed 43200K, reserved 491520K
  class space    used 5934K, committed 6144K, reserved 425984K
GC Heap History (20 events):
Event: 28.679 GC heap after
{Heap after GC invocations=38 (full 0):
 garbage-first heap   total 155648K, used 42635K [0x0000000080000000, 0x0000000100000000)
  region size 1024K, 6 young (6144K), 6 survivors (6144K)
 Metaspace       used 42770K, committed 43200K, reserved 491520K
  class space    used 5933K, committed 6144K, reserved 425984K
}
Event: 29.327 GC heap before
{Heap before GC invocations=38 (full 0):
 garbage-first heap   total 155648K, used 129675K [0x0000000080000000, 0x0000000100000000)
  region size 1024K, 91 young (93184K), 6 survivors (6144K)
 Metaspace       used 42770K, committed 43200K, reserved 491520K
  class space    used 5933K, committed 6144K, reserved 425984K
}
Event: 29.333 GC heap after
{Heap after GC invocations=39 (full 0):
 garbage-first heap   total 155648K, used 43314K [0x0000000080000000, 0x0000000100000000)
  region size 1024K, 7 young (7168K), 7 survivors (7168K)
 Metaspace       used 42770K, committed 43200K, reserved 491520K
  class space    used 5933K, committed 6144K, reserved 425984K
}
Event: 29.902 GC heap before
{Heap before GC invocations=39 (full 0):
 garbage-first heap   total 155648K, used 129330K [0x0000000080000000, 0x0000000100000000)
  region size 1024K, 91 young (93184K), 7 survivors (7168K)
 Metaspace       used 42770K, committed 43200K, reserved 491520K
  class space    used 5933K, committed 6144K, reserved 425984K
}
Event: 29.908 GC heap after
{Heap after GC invocations=40 (full 0):
 garbage-first heap   total 155648K, used 43635K [0x0000000080000000, 0x0000000100000000)
  region size 1024K, 7 young (7168K), 7 survivors (7168K)
 Metaspace       used 42770K, committed 43200K, reserved 491520K
  class space    used 5933K, committed 6144K, reserved 425984K
}
Event: 30.394 GC heap before
{Heap before GC invocations=40 (full 0):
 garbage-first heap   total 155648K, used 129651K [0x0000000080000000, 0x0000000100000000)
  region size 1024K, 91 young (93184K), 7 survivors (7168K)
 Metaspace       used 42771K, committed 43200K, reserved 491520K
  class space    used 5933K, committed 6144K, reserved 425984K
}
Event: 30.400 GC heap after
{Heap after GC invocations=41 (full 0):
 garbage-first heap   total 155648K, used 44323K [0x0000000080000000, 0x0000000100000000)
  region size 1024K, 7 young (7168K), 7 survivors (7168K)
 Metaspace       used 42771K, committed 43200K, reserved 491520K
  class space    used 5933K, committed 6144K, reserved 425984K
}
Event: 30.859 GC heap before
{Heap before GC invocations=41 (full 0):
 garbage-first heap   total 155648K, used 130339K [0x0000000080000000, 0x0000000100000000)
  region size 1024K, 91 young (93184K), 7 survivors (7168K)
 Metaspace       used 42774K, committed 43200K, reserved 491520K
  class space    used 5934K, committed 6144K, reserved 425984K
}
Event: 30.865 GC heap after
{Heap after GC invocations=42 (full 0):
 garbage-first heap   total 155648K, used 44859K [0x0000000080000000, 0x0000000100000000)
  region size 1024K, 7 young (7168K), 7 survivors (7168K)
 Metaspace       used 42774K, committed 43200K, reserved 491520K
  class space    used 5934K, committed 6144K, reserved 425984K
}
Event: 31.409 GC heap before
{Heap before GC invocations=42 (full 0):
 garbage-first heap   total 155648K, used 130875K [0x0000000080000000, 0x0000000100000000)
  region size 1024K, 91 young (93184K), 7 survivors (7168K)
 Metaspace       used 42783K, committed 43200K, reserved 491520K
  class space    used 5934K, committed 6144K, reserved 425984K
}
Event: 31.415 GC heap after
{Heap after GC invocations=43 (full 0):
 garbage-first heap   total 155648K, used 45439K [0x0000000080000000, 0x0000000100000000)
  region size 1024K, 7 young (7168K), 7 survivors (7168K)
 Metaspace       used 42783K, committed 43200K, reserved 491520K
  class space    used 5934K, committed 6144K, reserved 425984K
}
Event: 33.283 GC heap before
{Heap before GC invocations=43 (full 0):
 garbage-first heap   total 155648K, used 131455K [0x0000000080000000, 0x0000000100000000)
  region size 1024K, 91 young (93184K), 7 survivors (7168K)
 Metaspace       used 42789K, committed 43200K, reserved 491520K
  class space    used 5934K, committed 6144K, reserved 425984K
}
Event: 33.289 GC heap after
{Heap after GC invocations=44 (full 0):
 garbage-first heap   total 155648K, used 46309K [0x0000000080000000, 0x0000000100000000)
  region size 1024K, 7 young (7168K), 7 survivors (7168K)
 Metaspace       used 42789K, committed 43200K, reserved 491520K
  class space    used 5934K, committed 6144K, reserved 425984K
}
Event: 33.837 GC heap before
{Heap before GC invocations=44 (full 0):
 garbage-first heap   total 155648K, used 131301K [0x0000000080000000, 0x0000000100000000)
  region size 1024K, 90 young (92160K), 7 survivors (7168K)
 Metaspace       used 42790K, committed 43200K, reserved 491520K
  class space    used 5934K, committed 6144K, reserved 425984K
}
Event: 33.846 GC heap after
{Heap after GC invocations=45 (full 0):
 garbage-first heap   total 155648K, used 46881K [0x0000000080000000, 0x0000000100000000)
  region size 1024K, 7 young (7168K), 7 survivors (7168K)
 Metaspace       used 42790K, committed 43200K, reserved 491520K
  class space    used 5934K, committed 6144K, reserved 425984K
}
Event: 34.682 GC heap before
{Heap before GC invocations=45 (full 0):
 garbage-first heap   total 155648K, used 130849K [0x0000000080000000, 0x0000000100000000)
  region size 1024K, 89 young (91136K), 7 survivors (7168K)
 Metaspace       used 42796K, committed 43200K, reserved 491520K
  class space    used 5934K, committed 6144K, reserved 425984K
}
Event: 34.688 GC heap after
{Heap after GC invocations=46 (full 0):
 garbage-first heap   total 155648K, used 47392K [0x0000000080000000, 0x0000000100000000)
  region size 1024K, 7 young (7168K), 7 survivors (7168K)
 Metaspace       used 42796K, committed 43200K, reserved 491520K
  class space    used 5934K, committed 6144K, reserved 425984K
}
Event: 35.173 GC heap before
{Heap before GC invocations=46 (full 0):
 garbage-first heap   total 155648K, used 131360K [0x0000000080000000, 0x0000000100000000)
  region size 1024K, 89 young (91136K), 7 survivors (7168K)
 Metaspace       used 42798K, committed 43200K, reserved 491520K
  class space    used 5934K, committed 6144K, reserved 425984K
}
Event: 35.179 GC heap after
{Heap after GC invocations=47 (full 0):
 garbage-first heap   total 155648K, used 47831K [0x0000000080000000, 0x0000000100000000)
  region size 1024K, 7 young (7168K), 7 survivors (7168K)
 Metaspace       used 42798K, committed 43200K, reserved 491520K
  class space    used 5934K, committed 6144K, reserved 425984K
}
Event: 35.965 GC heap before
{Heap before GC invocations=47 (full 0):
 garbage-first heap   total 155648K, used 130775K [0x0000000080000000, 0x0000000100000000)
  region size 1024K, 88 young (90112K), 7 survivors (7168K)
 Metaspace       used 42798K, committed 43200K, reserved 491520K
  class space    used 5934K, committed 6144K, reserved 425984K
}

